<?xml version="1.0" encoding="UTF-8"?>
<testsuites>
  <testsuite name="/Users/tobiaskoengeter/Git/typography-test/phpunit.xml" tests="59" assertions="145" errors="0" failures="0" skipped="0" time="0.041630">
    <testsuite name="Proxy Scheduling Test Suite" tests="59" assertions="145" errors="0" failures="0" skipped="0" time="0.041630">
      <testsuite name="BitAndBlack\TypoRules\Tests\RuleSet\AbstractRuleSetTest" file="/Users/tobiaskoengeter/Git/typography-test/tests/RuleSet/AbstractRuleSetTest.php" tests="2" assertions="4" errors="0" failures="0" skipped="0" time="0.001591">
        <testcase name="testCanAddRules" file="/Users/tobiaskoengeter/Git/typography-test/tests/RuleSet/AbstractRuleSetTest.php" line="20" class="BitAndBlack\TypoRules\Tests\RuleSet\AbstractRuleSetTest" classname="BitAndBlack.TypoRules.Tests.RuleSet.AbstractRuleSetTest" assertions="2" time="0.001363"/>
        <testcase name="testCanRemoveRules" file="/Users/tobiaskoengeter/Git/typography-test/tests/RuleSet/AbstractRuleSetTest.php" line="43" class="BitAndBlack\TypoRules\Tests\RuleSet\AbstractRuleSetTest" classname="BitAndBlack.TypoRules.Tests.RuleSet.AbstractRuleSetTest" assertions="2" time="0.000228"/>
      </testsuite>
      <testsuite name="BitAndBlack\TypoRules\Tests\Rules\AddNonBreakingSpaceAfterDoctorRuleTest" file="/Users/tobiaskoengeter/Git/typography-test/tests/Rules/AddNonBreakingSpaceAfterDoctorRuleTest.php" tests="1" assertions="3" errors="0" failures="0" skipped="0" time="0.000323">
        <testsuite name="BitAndBlack\TypoRules\Tests\Rules\AddNonBreakingSpaceAfterDoctorRuleTest::testRule" tests="1" assertions="3" errors="0" failures="0" skipped="0" time="0.000323">
          <testcase name="testRule with data set #0" file="/Users/tobiaskoengeter/Git/typography-test/tests/Rules/AbstractRuleTestClass.php" line="22" class="BitAndBlack\TypoRules\Tests\Rules\AddNonBreakingSpaceAfterDoctorRuleTest" classname="BitAndBlack.TypoRules.Tests.Rules.AddNonBreakingSpaceAfterDoctorRuleTest" assertions="3" time="0.000323"/>
        </testsuite>
      </testsuite>
      <testsuite name="BitAndBlack\TypoRules\Tests\Rules\AddNonBreakingSpaceAfterProfessorRuleTest" file="/Users/tobiaskoengeter/Git/typography-test/tests/Rules/AddNonBreakingSpaceAfterProfessorRuleTest.php" tests="1" assertions="3" errors="0" failures="0" skipped="0" time="0.000126">
        <testsuite name="BitAndBlack\TypoRules\Tests\Rules\AddNonBreakingSpaceAfterProfessorRuleTest::testRule" tests="1" assertions="3" errors="0" failures="0" skipped="0" time="0.000126">
          <testcase name="testRule with data set #0" file="/Users/tobiaskoengeter/Git/typography-test/tests/Rules/AbstractRuleTestClass.php" line="22" class="BitAndBlack\TypoRules\Tests\Rules\AddNonBreakingSpaceAfterProfessorRuleTest" classname="BitAndBlack.TypoRules.Tests.Rules.AddNonBreakingSpaceAfterProfessorRuleTest" assertions="3" time="0.000126"/>
        </testsuite>
      </testsuite>
      <testsuite name="BitAndBlack\TypoRules\Tests\Rules\AddNonBreakingSpaceBeforeUhrRuleTest" file="/Users/tobiaskoengeter/Git/typography-test/tests/Rules/AddNonBreakingSpaceBeforeUhrRuleTest.php" tests="2" assertions="4" errors="0" failures="0" skipped="0" time="0.000194">
        <testsuite name="BitAndBlack\TypoRules\Tests\Rules\AddNonBreakingSpaceBeforeUhrRuleTest::testRule" tests="2" assertions="4" errors="0" failures="0" skipped="0" time="0.000194">
          <testcase name="testRule with data set #0" file="/Users/tobiaskoengeter/Git/typography-test/tests/Rules/AbstractRuleTestClass.php" line="22" class="BitAndBlack\TypoRules\Tests\Rules\AddNonBreakingSpaceBeforeUhrRuleTest" classname="BitAndBlack.TypoRules.Tests.Rules.AddNonBreakingSpaceBeforeUhrRuleTest" assertions="3" time="0.000125"/>
          <testcase name="testRule with data set #1" file="/Users/tobiaskoengeter/Git/typography-test/tests/Rules/AbstractRuleTestClass.php" line="22" class="BitAndBlack\TypoRules\Tests\Rules\AddNonBreakingSpaceBeforeUhrRuleTest" classname="BitAndBlack.TypoRules.Tests.Rules.AddNonBreakingSpaceBeforeUhrRuleTest" assertions="1" time="0.000069"/>
        </testsuite>
      </testsuite>
      <testsuite name="BitAndBlack\TypoRules\Tests\Rules\AddNonBreakingSpaceBetweenEingetragenerAndVereinRuleTest" file="/Users/tobiaskoengeter/Git/typography-test/tests/Rules/AddNonBreakingSpaceBetweenEingetragenerAndVereinRuleTest.php" tests="2" assertions="6" errors="0" failures="0" skipped="0" time="0.000307">
        <testsuite name="BitAndBlack\TypoRules\Tests\Rules\AddNonBreakingSpaceBetweenEingetragenerAndVereinRuleTest::testRule" tests="2" assertions="6" errors="0" failures="0" skipped="0" time="0.000307">
          <testcase name="testRule with data set #0" file="/Users/tobiaskoengeter/Git/typography-test/tests/Rules/AbstractRuleTestClass.php" line="22" class="BitAndBlack\TypoRules\Tests\Rules\AddNonBreakingSpaceBetweenEingetragenerAndVereinRuleTest" classname="BitAndBlack.TypoRules.Tests.Rules.AddNonBreakingSpaceBetweenEingetragenerAndVereinRuleTest" assertions="3" time="0.000223"/>
          <testcase name="testRule with data set #1" file="/Users/tobiaskoengeter/Git/typography-test/tests/Rules/AbstractRuleTestClass.php" line="22" class="BitAndBlack\TypoRules\Tests\Rules\AddNonBreakingSpaceBetweenEingetragenerAndVereinRuleTest" classname="BitAndBlack.TypoRules.Tests.Rules.AddNonBreakingSpaceBetweenEingetragenerAndVereinRuleTest" assertions="3" time="0.000084"/>
        </testsuite>
      </testsuite>
      <testsuite name="BitAndBlack\TypoRules\Tests\Rules\AddNonBreakingSpaceBetweenNumberAndJahrRuleTest" file="/Users/tobiaskoengeter/Git/typography-test/tests/Rules/AddNonBreakingSpaceBetweenNumberAndJahrRuleTest.php" tests="1" assertions="3" errors="0" failures="0" skipped="0" time="0.000118">
        <testsuite name="BitAndBlack\TypoRules\Tests\Rules\AddNonBreakingSpaceBetweenNumberAndJahrRuleTest::testRule" tests="1" assertions="3" errors="0" failures="0" skipped="0" time="0.000118">
          <testcase name="testRule with data set #0" file="/Users/tobiaskoengeter/Git/typography-test/tests/Rules/AbstractRuleTestClass.php" line="22" class="BitAndBlack\TypoRules\Tests\Rules\AddNonBreakingSpaceBetweenNumberAndJahrRuleTest" classname="BitAndBlack.TypoRules.Tests.Rules.AddNonBreakingSpaceBetweenNumberAndJahrRuleTest" assertions="3" time="0.000118"/>
        </testsuite>
      </testsuite>
      <testsuite name="BitAndBlack\TypoRules\Tests\Rules\AddNonBreakingSpaceBetweenNumberAndUnitRuleTest" file="/Users/tobiaskoengeter/Git/typography-test/tests/Rules/AddNonBreakingSpaceBetweenNumberAndUnitRuleTest.php" tests="2" assertions="4" errors="0" failures="0" skipped="0" time="0.000230">
        <testsuite name="BitAndBlack\TypoRules\Tests\Rules\AddNonBreakingSpaceBetweenNumberAndUnitRuleTest::testRule" tests="2" assertions="4" errors="0" failures="0" skipped="0" time="0.000230">
          <testcase name="testRule with data set #0" file="/Users/tobiaskoengeter/Git/typography-test/tests/Rules/AbstractRuleTestClass.php" line="22" class="BitAndBlack\TypoRules\Tests\Rules\AddNonBreakingSpaceBetweenNumberAndUnitRuleTest" classname="BitAndBlack.TypoRules.Tests.Rules.AddNonBreakingSpaceBetweenNumberAndUnitRuleTest" assertions="3" time="0.000164"/>
          <testcase name="testRule with data set #1" file="/Users/tobiaskoengeter/Git/typography-test/tests/Rules/AbstractRuleTestClass.php" line="22" class="BitAndBlack\TypoRules\Tests\Rules\AddNonBreakingSpaceBetweenNumberAndUnitRuleTest" classname="BitAndBlack.TypoRules.Tests.Rules.AddNonBreakingSpaceBetweenNumberAndUnitRuleTest" assertions="1" time="0.000066"/>
        </testsuite>
      </testsuite>
      <testsuite name="BitAndBlack\TypoRules\Tests\Rules\AddSoftHyphenBetweenDashSeparatedWordsRuleTest" file="/Users/tobiaskoengeter/Git/typography-test/tests/Rules/AddSoftHyphenBetweenDashSeparatedWordsRuleTest.php" tests="3" assertions="5" errors="0" failures="0" skipped="0" time="0.000237">
        <testsuite name="BitAndBlack\TypoRules\Tests\Rules\AddSoftHyphenBetweenDashSeparatedWordsRuleTest::testRule" tests="3" assertions="5" errors="0" failures="0" skipped="0" time="0.000237">
          <testcase name="testRule with data set #0" file="/Users/tobiaskoengeter/Git/typography-test/tests/Rules/AbstractRuleTestClass.php" line="22" class="BitAndBlack\TypoRules\Tests\Rules\AddSoftHyphenBetweenDashSeparatedWordsRuleTest" classname="BitAndBlack.TypoRules.Tests.Rules.AddSoftHyphenBetweenDashSeparatedWordsRuleTest" assertions="1" time="0.000107"/>
          <testcase name="testRule with data set #1" file="/Users/tobiaskoengeter/Git/typography-test/tests/Rules/AbstractRuleTestClass.php" line="22" class="BitAndBlack\TypoRules\Tests\Rules\AddSoftHyphenBetweenDashSeparatedWordsRuleTest" classname="BitAndBlack.TypoRules.Tests.Rules.AddSoftHyphenBetweenDashSeparatedWordsRuleTest" assertions="3" time="0.000071"/>
          <testcase name="testRule with data set #2" file="/Users/tobiaskoengeter/Git/typography-test/tests/Rules/AbstractRuleTestClass.php" line="22" class="BitAndBlack\TypoRules\Tests\Rules\AddSoftHyphenBetweenDashSeparatedWordsRuleTest" classname="BitAndBlack.TypoRules.Tests.Rules.AddSoftHyphenBetweenDashSeparatedWordsRuleTest" assertions="1" time="0.000059"/>
        </testsuite>
      </testsuite>
      <testsuite name="BitAndBlack\TypoRules\Tests\Rules\AddSoftHyphenToWordRuleTest" file="/Users/tobiaskoengeter/Git/typography-test/tests/Rules/AddSoftHyphenToWordRuleTest.php" tests="2" assertions="4" errors="0" failures="0" skipped="0" time="0.034255">
        <testsuite name="BitAndBlack\TypoRules\Tests\Rules\AddSoftHyphenToWordRuleTest::testRule" tests="2" assertions="4" errors="0" failures="0" skipped="0" time="0.034255">
          <testcase name="testRule with data set #0" file="/Users/tobiaskoengeter/Git/typography-test/tests/Rules/AbstractRuleTestClass.php" line="22" class="BitAndBlack\TypoRules\Tests\Rules\AddSoftHyphenToWordRuleTest" classname="BitAndBlack.TypoRules.Tests.Rules.AddSoftHyphenToWordRuleTest" assertions="3" time="0.034126"/>
          <testcase name="testRule with data set #1" file="/Users/tobiaskoengeter/Git/typography-test/tests/Rules/AbstractRuleTestClass.php" line="22" class="BitAndBlack\TypoRules\Tests\Rules\AddSoftHyphenToWordRuleTest" classname="BitAndBlack.TypoRules.Tests.Rules.AddSoftHyphenToWordRuleTest" assertions="1" time="0.000129"/>
        </testsuite>
      </testsuite>
      <testsuite name="BitAndBlack\TypoRules\Tests\Rules\AddSpaceBehindDotRuleTest" file="/Users/tobiaskoengeter/Git/typography-test/tests/Rules/AddSpaceBehindDotRuleTest.php" tests="4" assertions="6" errors="0" failures="0" skipped="0" time="0.000637">
        <testsuite name="BitAndBlack\TypoRules\Tests\Rules\AddSpaceBehindDotRuleTest::testRule" tests="4" assertions="6" errors="0" failures="0" skipped="0" time="0.000637">
          <testcase name="testRule with data set #0" file="/Users/tobiaskoengeter/Git/typography-test/tests/Rules/AbstractRuleTestClass.php" line="22" class="BitAndBlack\TypoRules\Tests\Rules\AddSpaceBehindDotRuleTest" classname="BitAndBlack.TypoRules.Tests.Rules.AddSpaceBehindDotRuleTest" assertions="3" time="0.000388"/>
          <testcase name="testRule with data set #1" file="/Users/tobiaskoengeter/Git/typography-test/tests/Rules/AbstractRuleTestClass.php" line="22" class="BitAndBlack\TypoRules\Tests\Rules\AddSpaceBehindDotRuleTest" classname="BitAndBlack.TypoRules.Tests.Rules.AddSpaceBehindDotRuleTest" assertions="1" time="0.000104"/>
          <testcase name="testRule with data set #2" file="/Users/tobiaskoengeter/Git/typography-test/tests/Rules/AbstractRuleTestClass.php" line="22" class="BitAndBlack\TypoRules\Tests\Rules\AddSpaceBehindDotRuleTest" classname="BitAndBlack.TypoRules.Tests.Rules.AddSpaceBehindDotRuleTest" assertions="1" time="0.000074"/>
          <testcase name="testRule with data set #3" file="/Users/tobiaskoengeter/Git/typography-test/tests/Rules/AbstractRuleTestClass.php" line="22" class="BitAndBlack\TypoRules\Tests\Rules\AddSpaceBehindDotRuleTest" classname="BitAndBlack.TypoRules.Tests.Rules.AddSpaceBehindDotRuleTest" assertions="1" time="0.000070"/>
        </testsuite>
      </testsuite>
      <testsuite name="BitAndBlack\TypoRules\Tests\Rules\AddSpaceBehindExclamationMarkRuleTest" file="/Users/tobiaskoengeter/Git/typography-test/tests/Rules/AddSpaceBehindExclamationMarkRuleTest.php" tests="3" assertions="7" errors="0" failures="0" skipped="0" time="0.000433">
        <testsuite name="BitAndBlack\TypoRules\Tests\Rules\AddSpaceBehindExclamationMarkRuleTest::testRule" tests="3" assertions="7" errors="0" failures="0" skipped="0" time="0.000433">
          <testcase name="testRule with data set #0" file="/Users/tobiaskoengeter/Git/typography-test/tests/Rules/AbstractRuleTestClass.php" line="22" class="BitAndBlack\TypoRules\Tests\Rules\AddSpaceBehindExclamationMarkRuleTest" classname="BitAndBlack.TypoRules.Tests.Rules.AddSpaceBehindExclamationMarkRuleTest" assertions="3" time="0.000250"/>
          <testcase name="testRule with data set #1" file="/Users/tobiaskoengeter/Git/typography-test/tests/Rules/AbstractRuleTestClass.php" line="22" class="BitAndBlack\TypoRules\Tests\Rules\AddSpaceBehindExclamationMarkRuleTest" classname="BitAndBlack.TypoRules.Tests.Rules.AddSpaceBehindExclamationMarkRuleTest" assertions="1" time="0.000102"/>
          <testcase name="testRule with data set #2" file="/Users/tobiaskoengeter/Git/typography-test/tests/Rules/AbstractRuleTestClass.php" line="22" class="BitAndBlack\TypoRules\Tests\Rules\AddSpaceBehindExclamationMarkRuleTest" classname="BitAndBlack.TypoRules.Tests.Rules.AddSpaceBehindExclamationMarkRuleTest" assertions="3" time="0.000082"/>
        </testsuite>
      </testsuite>
      <testsuite name="BitAndBlack\TypoRules\Tests\Rules\AddSpaceBehindQuestionMarkRuleTest" file="/Users/tobiaskoengeter/Git/typography-test/tests/Rules/AddSpaceBehindQuestionMarkRuleTest.php" tests="3" assertions="7" errors="0" failures="0" skipped="0" time="0.000369">
        <testsuite name="BitAndBlack\TypoRules\Tests\Rules\AddSpaceBehindQuestionMarkRuleTest::testRule" tests="3" assertions="7" errors="0" failures="0" skipped="0" time="0.000369">
          <testcase name="testRule with data set #0" file="/Users/tobiaskoengeter/Git/typography-test/tests/Rules/AbstractRuleTestClass.php" line="22" class="BitAndBlack\TypoRules\Tests\Rules\AddSpaceBehindQuestionMarkRuleTest" classname="BitAndBlack.TypoRules.Tests.Rules.AddSpaceBehindQuestionMarkRuleTest" assertions="3" time="0.000221"/>
          <testcase name="testRule with data set #1" file="/Users/tobiaskoengeter/Git/typography-test/tests/Rules/AbstractRuleTestClass.php" line="22" class="BitAndBlack\TypoRules\Tests\Rules\AddSpaceBehindQuestionMarkRuleTest" classname="BitAndBlack.TypoRules.Tests.Rules.AddSpaceBehindQuestionMarkRuleTest" assertions="1" time="0.000079"/>
          <testcase name="testRule with data set #2" file="/Users/tobiaskoengeter/Git/typography-test/tests/Rules/AbstractRuleTestClass.php" line="22" class="BitAndBlack\TypoRules\Tests\Rules\AddSpaceBehindQuestionMarkRuleTest" classname="BitAndBlack.TypoRules.Tests.Rules.AddSpaceBehindQuestionMarkRuleTest" assertions="3" time="0.000070"/>
        </testsuite>
      </testsuite>
      <testsuite name="BitAndBlack\TypoRules\Tests\Rules\AddSpaceBetweenBracketsRuleTest" file="/Users/tobiaskoengeter/Git/typography-test/tests/Rules/AddSpaceBetweenBracketsRuleTest.php" tests="1" assertions="3" errors="0" failures="0" skipped="0" time="0.000176">
        <testsuite name="BitAndBlack\TypoRules\Tests\Rules\AddSpaceBetweenBracketsRuleTest::testRule" tests="1" assertions="3" errors="0" failures="0" skipped="0" time="0.000176">
          <testcase name="testRule with data set #0" file="/Users/tobiaskoengeter/Git/typography-test/tests/Rules/AbstractRuleTestClass.php" line="22" class="BitAndBlack\TypoRules\Tests\Rules\AddSpaceBetweenBracketsRuleTest" classname="BitAndBlack.TypoRules.Tests.Rules.AddSpaceBetweenBracketsRuleTest" assertions="3" time="0.000176"/>
        </testsuite>
      </testsuite>
      <testsuite name="BitAndBlack\TypoRules\Tests\Rules\BindNumberToNumberRuleTest" file="/Users/tobiaskoengeter/Git/typography-test/tests/Rules/BindNumberToNumberRuleTest.php" tests="1" assertions="3" errors="0" failures="0" skipped="0" time="0.000121">
        <testsuite name="BitAndBlack\TypoRules\Tests\Rules\BindNumberToNumberRuleTest::testRule" tests="1" assertions="3" errors="0" failures="0" skipped="0" time="0.000121">
          <testcase name="testRule with data set #0" file="/Users/tobiaskoengeter/Git/typography-test/tests/Rules/AbstractRuleTestClass.php" line="22" class="BitAndBlack\TypoRules\Tests\Rules\BindNumberToNumberRuleTest" classname="BitAndBlack.TypoRules.Tests.Rules.BindNumberToNumberRuleTest" assertions="3" time="0.000121"/>
        </testsuite>
      </testsuite>
      <testsuite name="BitAndBlack\TypoRules\Tests\Rules\BindWordAfterColonRuleTest" file="/Users/tobiaskoengeter/Git/typography-test/tests/Rules/BindWordAfterColonRuleTest.php" tests="3" assertions="7" errors="0" failures="0" skipped="0" time="0.000268">
        <testsuite name="BitAndBlack\TypoRules\Tests\Rules\BindWordAfterColonRuleTest::testRule" tests="3" assertions="7" errors="0" failures="0" skipped="0" time="0.000268">
          <testcase name="testRule with data set #0" file="/Users/tobiaskoengeter/Git/typography-test/tests/Rules/AbstractRuleTestClass.php" line="22" class="BitAndBlack\TypoRules\Tests\Rules\BindWordAfterColonRuleTest" classname="BitAndBlack.TypoRules.Tests.Rules.BindWordAfterColonRuleTest" assertions="3" time="0.000143"/>
          <testcase name="testRule with data set #1" file="/Users/tobiaskoengeter/Git/typography-test/tests/Rules/AbstractRuleTestClass.php" line="22" class="BitAndBlack\TypoRules\Tests\Rules\BindWordAfterColonRuleTest" classname="BitAndBlack.TypoRules.Tests.Rules.BindWordAfterColonRuleTest" assertions="3" time="0.000065"/>
          <testcase name="testRule with data set #2" file="/Users/tobiaskoengeter/Git/typography-test/tests/Rules/AbstractRuleTestClass.php" line="22" class="BitAndBlack\TypoRules\Tests\Rules\BindWordAfterColonRuleTest" classname="BitAndBlack.TypoRules.Tests.Rules.BindWordAfterColonRuleTest" assertions="1" time="0.000060"/>
        </testsuite>
      </testsuite>
      <testsuite name="BitAndBlack\TypoRules\Tests\Rules\ConvertCharactersToAtCharRuleTest" file="/Users/tobiaskoengeter/Git/typography-test/tests/Rules/ConvertCharactersToAtCharRuleTest.php" tests="1" assertions="3" errors="0" failures="0" skipped="0" time="0.000106">
        <testsuite name="BitAndBlack\TypoRules\Tests\Rules\ConvertCharactersToAtCharRuleTest::testRule" tests="1" assertions="3" errors="0" failures="0" skipped="0" time="0.000106">
          <testcase name="testRule with data set #0" file="/Users/tobiaskoengeter/Git/typography-test/tests/Rules/AbstractRuleTestClass.php" line="22" class="BitAndBlack\TypoRules\Tests\Rules\ConvertCharactersToAtCharRuleTest" classname="BitAndBlack.TypoRules.Tests.Rules.ConvertCharactersToAtCharRuleTest" assertions="3" time="0.000106"/>
        </testsuite>
      </testsuite>
      <testsuite name="BitAndBlack\TypoRules\Tests\Rules\ConvertCharactersToCopyrightCharRuleTest" file="/Users/tobiaskoengeter/Git/typography-test/tests/Rules/ConvertCharactersToCopyrightCharRuleTest.php" tests="4" assertions="12" errors="0" failures="0" skipped="0" time="0.000301">
        <testsuite name="BitAndBlack\TypoRules\Tests\Rules\ConvertCharactersToCopyrightCharRuleTest::testRule" tests="4" assertions="12" errors="0" failures="0" skipped="0" time="0.000301">
          <testcase name="testRule with data set #0" file="/Users/tobiaskoengeter/Git/typography-test/tests/Rules/AbstractRuleTestClass.php" line="22" class="BitAndBlack\TypoRules\Tests\Rules\ConvertCharactersToCopyrightCharRuleTest" classname="BitAndBlack.TypoRules.Tests.Rules.ConvertCharactersToCopyrightCharRuleTest" assertions="3" time="0.000120"/>
          <testcase name="testRule with data set #1" file="/Users/tobiaskoengeter/Git/typography-test/tests/Rules/AbstractRuleTestClass.php" line="22" class="BitAndBlack\TypoRules\Tests\Rules\ConvertCharactersToCopyrightCharRuleTest" classname="BitAndBlack.TypoRules.Tests.Rules.ConvertCharactersToCopyrightCharRuleTest" assertions="3" time="0.000061"/>
          <testcase name="testRule with data set #2" file="/Users/tobiaskoengeter/Git/typography-test/tests/Rules/AbstractRuleTestClass.php" line="22" class="BitAndBlack\TypoRules\Tests\Rules\ConvertCharactersToCopyrightCharRuleTest" classname="BitAndBlack.TypoRules.Tests.Rules.ConvertCharactersToCopyrightCharRuleTest" assertions="3" time="0.000061"/>
          <testcase name="testRule with data set #3" file="/Users/tobiaskoengeter/Git/typography-test/tests/Rules/AbstractRuleTestClass.php" line="22" class="BitAndBlack\TypoRules\Tests\Rules\ConvertCharactersToCopyrightCharRuleTest" classname="BitAndBlack.TypoRules.Tests.Rules.ConvertCharactersToCopyrightCharRuleTest" assertions="3" time="0.000059"/>
        </testsuite>
      </testsuite>
      <testsuite name="BitAndBlack\TypoRules\Tests\Rules\ConvertCharactersToRegisteredCharRuleTest" file="/Users/tobiaskoengeter/Git/typography-test/tests/Rules/ConvertCharactersToRegisteredCharRuleTest.php" tests="2" assertions="6" errors="0" failures="0" skipped="0" time="0.000160">
        <testsuite name="BitAndBlack\TypoRules\Tests\Rules\ConvertCharactersToRegisteredCharRuleTest::testRule" tests="2" assertions="6" errors="0" failures="0" skipped="0" time="0.000160">
          <testcase name="testRule with data set #0" file="/Users/tobiaskoengeter/Git/typography-test/tests/Rules/AbstractRuleTestClass.php" line="22" class="BitAndBlack\TypoRules\Tests\Rules\ConvertCharactersToRegisteredCharRuleTest" classname="BitAndBlack.TypoRules.Tests.Rules.ConvertCharactersToRegisteredCharRuleTest" assertions="3" time="0.000098"/>
          <testcase name="testRule with data set #1" file="/Users/tobiaskoengeter/Git/typography-test/tests/Rules/AbstractRuleTestClass.php" line="22" class="BitAndBlack\TypoRules\Tests\Rules\ConvertCharactersToRegisteredCharRuleTest" classname="BitAndBlack.TypoRules.Tests.Rules.ConvertCharactersToRegisteredCharRuleTest" assertions="3" time="0.000062"/>
        </testsuite>
      </testsuite>
      <testsuite name="BitAndBlack\TypoRules\Tests\Rules\ConvertCharactersToTrademarkCharRuleTest" file="/Users/tobiaskoengeter/Git/typography-test/tests/Rules/ConvertCharactersToTrademarkCharRuleTest.php" tests="3" assertions="9" errors="0" failures="0" skipped="0" time="0.000212">
        <testsuite name="BitAndBlack\TypoRules\Tests\Rules\ConvertCharactersToTrademarkCharRuleTest::testRule" tests="3" assertions="9" errors="0" failures="0" skipped="0" time="0.000212">
          <testcase name="testRule with data set #0" file="/Users/tobiaskoengeter/Git/typography-test/tests/Rules/AbstractRuleTestClass.php" line="22" class="BitAndBlack\TypoRules\Tests\Rules\ConvertCharactersToTrademarkCharRuleTest" classname="BitAndBlack.TypoRules.Tests.Rules.ConvertCharactersToTrademarkCharRuleTest" assertions="3" time="0.000096"/>
          <testcase name="testRule with data set #1" file="/Users/tobiaskoengeter/Git/typography-test/tests/Rules/AbstractRuleTestClass.php" line="22" class="BitAndBlack\TypoRules\Tests\Rules\ConvertCharactersToTrademarkCharRuleTest" classname="BitAndBlack.TypoRules.Tests.Rules.ConvertCharactersToTrademarkCharRuleTest" assertions="3" time="0.000059"/>
          <testcase name="testRule with data set #2" file="/Users/tobiaskoengeter/Git/typography-test/tests/Rules/AbstractRuleTestClass.php" line="22" class="BitAndBlack\TypoRules\Tests\Rules\ConvertCharactersToTrademarkCharRuleTest" classname="BitAndBlack.TypoRules.Tests.Rules.ConvertCharactersToTrademarkCharRuleTest" assertions="3" time="0.000057"/>
        </testsuite>
      </testsuite>
      <testsuite name="BitAndBlack\TypoRules\Tests\Rules\ConvertDashToEmDashRuleTest" file="/Users/tobiaskoengeter/Git/typography-test/tests/Rules/ConvertDashToEmDashRuleTest.php" tests="2" assertions="4" errors="0" failures="0" skipped="0" time="0.000215">
        <testsuite name="BitAndBlack\TypoRules\Tests\Rules\ConvertDashToEmDashRuleTest::testRule" tests="2" assertions="4" errors="0" failures="0" skipped="0" time="0.000215">
          <testcase name="testRule with data set #0" file="/Users/tobiaskoengeter/Git/typography-test/tests/Rules/AbstractRuleTestClass.php" line="22" class="BitAndBlack\TypoRules\Tests\Rules\ConvertDashToEmDashRuleTest" classname="BitAndBlack.TypoRules.Tests.Rules.ConvertDashToEmDashRuleTest" assertions="3" time="0.000157"/>
          <testcase name="testRule with data set #1" file="/Users/tobiaskoengeter/Git/typography-test/tests/Rules/AbstractRuleTestClass.php" line="22" class="BitAndBlack\TypoRules\Tests\Rules\ConvertDashToEmDashRuleTest" classname="BitAndBlack.TypoRules.Tests.Rules.ConvertDashToEmDashRuleTest" assertions="1" time="0.000058"/>
        </testsuite>
      </testsuite>
      <testsuite name="BitAndBlack\TypoRules\Tests\Rules\ConvertDashToEnDashRuleTest" file="/Users/tobiaskoengeter/Git/typography-test/tests/Rules/ConvertDashToEnDashRuleTest.php" tests="2" assertions="4" errors="0" failures="0" skipped="0" time="0.000155">
        <testsuite name="BitAndBlack\TypoRules\Tests\Rules\ConvertDashToEnDashRuleTest::testRule" tests="2" assertions="4" errors="0" failures="0" skipped="0" time="0.000155">
          <testcase name="testRule with data set #0" file="/Users/tobiaskoengeter/Git/typography-test/tests/Rules/AbstractRuleTestClass.php" line="22" class="BitAndBlack\TypoRules\Tests\Rules\ConvertDashToEnDashRuleTest" classname="BitAndBlack.TypoRules.Tests.Rules.ConvertDashToEnDashRuleTest" assertions="3" time="0.000100"/>
          <testcase name="testRule with data set #1" file="/Users/tobiaskoengeter/Git/typography-test/tests/Rules/AbstractRuleTestClass.php" line="22" class="BitAndBlack\TypoRules\Tests\Rules\ConvertDashToEnDashRuleTest" classname="BitAndBlack.TypoRules.Tests.Rules.ConvertDashToEnDashRuleTest" assertions="1" time="0.000055"/>
        </testsuite>
      </testsuite>
      <testsuite name="BitAndBlack\TypoRules\Tests\Rules\ConvertDotsToEllipsisRuleTest" file="/Users/tobiaskoengeter/Git/typography-test/tests/Rules/ConvertDotsToEllipsisRuleTest.php" tests="5" assertions="15" errors="0" failures="0" skipped="0" time="0.000337">
        <testsuite name="BitAndBlack\TypoRules\Tests\Rules\ConvertDotsToEllipsisRuleTest::testRule" tests="5" assertions="15" errors="0" failures="0" skipped="0" time="0.000337">
          <testcase name="testRule with data set #0" file="/Users/tobiaskoengeter/Git/typography-test/tests/Rules/AbstractRuleTestClass.php" line="22" class="BitAndBlack\TypoRules\Tests\Rules\ConvertDotsToEllipsisRuleTest" classname="BitAndBlack.TypoRules.Tests.Rules.ConvertDotsToEllipsisRuleTest" assertions="3" time="0.000102"/>
          <testcase name="testRule with data set #1" file="/Users/tobiaskoengeter/Git/typography-test/tests/Rules/AbstractRuleTestClass.php" line="22" class="BitAndBlack\TypoRules\Tests\Rules\ConvertDotsToEllipsisRuleTest" classname="BitAndBlack.TypoRules.Tests.Rules.ConvertDotsToEllipsisRuleTest" assertions="3" time="0.000062"/>
          <testcase name="testRule with data set #2" file="/Users/tobiaskoengeter/Git/typography-test/tests/Rules/AbstractRuleTestClass.php" line="22" class="BitAndBlack\TypoRules\Tests\Rules\ConvertDotsToEllipsisRuleTest" classname="BitAndBlack.TypoRules.Tests.Rules.ConvertDotsToEllipsisRuleTest" assertions="3" time="0.000057"/>
          <testcase name="testRule with data set #3" file="/Users/tobiaskoengeter/Git/typography-test/tests/Rules/AbstractRuleTestClass.php" line="22" class="BitAndBlack\TypoRules\Tests\Rules\ConvertDotsToEllipsisRuleTest" classname="BitAndBlack.TypoRules.Tests.Rules.ConvertDotsToEllipsisRuleTest" assertions="3" time="0.000057"/>
          <testcase name="testRule with data set #4" file="/Users/tobiaskoengeter/Git/typography-test/tests/Rules/AbstractRuleTestClass.php" line="22" class="BitAndBlack\TypoRules\Tests\Rules\ConvertDotsToEllipsisRuleTest" classname="BitAndBlack.TypoRules.Tests.Rules.ConvertDotsToEllipsisRuleTest" assertions="3" time="0.000058"/>
        </testsuite>
      </testsuite>
      <testsuite name="BitAndBlack\TypoRules\Tests\Rules\ConvertSpacesBetweenTimesAndNumbersRuleTest" file="/Users/tobiaskoengeter/Git/typography-test/tests/Rules/ConvertSpacesBetweenTimesAndNumbersRuleTest.php" tests="2" assertions="6" errors="0" failures="0" skipped="0" time="0.000184">
        <testsuite name="BitAndBlack\TypoRules\Tests\Rules\ConvertSpacesBetweenTimesAndNumbersRuleTest::testRule" tests="2" assertions="6" errors="0" failures="0" skipped="0" time="0.000184">
          <testcase name="testRule with data set #0" file="/Users/tobiaskoengeter/Git/typography-test/tests/Rules/AbstractRuleTestClass.php" line="22" class="BitAndBlack\TypoRules\Tests\Rules\ConvertSpacesBetweenTimesAndNumbersRuleTest" classname="BitAndBlack.TypoRules.Tests.Rules.ConvertSpacesBetweenTimesAndNumbersRuleTest" assertions="3" time="0.000122"/>
          <testcase name="testRule with data set #1" file="/Users/tobiaskoengeter/Git/typography-test/tests/Rules/AbstractRuleTestClass.php" line="22" class="BitAndBlack\TypoRules\Tests\Rules\ConvertSpacesBetweenTimesAndNumbersRuleTest" classname="BitAndBlack.TypoRules.Tests.Rules.ConvertSpacesBetweenTimesAndNumbersRuleTest" assertions="3" time="0.000062"/>
        </testsuite>
      </testsuite>
      <testsuite name="BitAndBlack\TypoRules\Tests\Rules\ConvertXToTimesBetweenNumbersRuleTest" file="/Users/tobiaskoengeter/Git/typography-test/tests/Rules/ConvertXToTimesBetweenNumbersRuleTest.php" tests="1" assertions="3" errors="0" failures="0" skipped="0" time="0.000099">
        <testsuite name="BitAndBlack\TypoRules\Tests\Rules\ConvertXToTimesBetweenNumbersRuleTest::testRule" tests="1" assertions="3" errors="0" failures="0" skipped="0" time="0.000099">
          <testcase name="testRule with data set #0" file="/Users/tobiaskoengeter/Git/typography-test/tests/Rules/AbstractRuleTestClass.php" line="22" class="BitAndBlack\TypoRules\Tests\Rules\ConvertXToTimesBetweenNumbersRuleTest" classname="BitAndBlack.TypoRules.Tests.Rules.ConvertXToTimesBetweenNumbersRuleTest" assertions="3" time="0.000099"/>
        </testsuite>
      </testsuite>
      <testsuite name="BitAndBlack\TypoRules\Tests\Rules\RemoveDuplicatedWhitespaceRuleTest" file="/Users/tobiaskoengeter/Git/typography-test/tests/Rules/RemoveDuplicatedWhitespaceRuleTest.php" tests="2" assertions="4" errors="0" failures="0" skipped="0" time="0.000134">
        <testsuite name="BitAndBlack\TypoRules\Tests\Rules\RemoveDuplicatedWhitespaceRuleTest::testRule" tests="2" assertions="4" errors="0" failures="0" skipped="0" time="0.000134">
          <testcase name="testRule with data set #0" file="/Users/tobiaskoengeter/Git/typography-test/tests/Rules/AbstractRuleTestClass.php" line="22" class="BitAndBlack\TypoRules\Tests\Rules\RemoveDuplicatedWhitespaceRuleTest" classname="BitAndBlack.TypoRules.Tests.Rules.RemoveDuplicatedWhitespaceRuleTest" assertions="3" time="0.000078"/>
          <testcase name="testRule with data set #1" file="/Users/tobiaskoengeter/Git/typography-test/tests/Rules/AbstractRuleTestClass.php" line="22" class="BitAndBlack\TypoRules\Tests\Rules\RemoveDuplicatedWhitespaceRuleTest" classname="BitAndBlack.TypoRules.Tests.Rules.RemoveDuplicatedWhitespaceRuleTest" assertions="1" time="0.000056"/>
        </testsuite>
      </testsuite>
      <testsuite name="BitAndBlack\TypoRules\Tests\Rules\RemoveSpaceBeforeCommaRuleTest" file="/Users/tobiaskoengeter/Git/typography-test/tests/Rules/RemoveSpaceBeforeCommaRuleTest.php" tests="2" assertions="4" errors="0" failures="0" skipped="0" time="0.000155">
        <testsuite name="BitAndBlack\TypoRules\Tests\Rules\RemoveSpaceBeforeCommaRuleTest::testRule" tests="2" assertions="4" errors="0" failures="0" skipped="0" time="0.000155">
          <testcase name="testRule with data set #0" file="/Users/tobiaskoengeter/Git/typography-test/tests/Rules/AbstractRuleTestClass.php" line="22" class="BitAndBlack\TypoRules\Tests\Rules\RemoveSpaceBeforeCommaRuleTest" classname="BitAndBlack.TypoRules.Tests.Rules.RemoveSpaceBeforeCommaRuleTest" assertions="3" time="0.000097"/>
          <testcase name="testRule with data set #1" file="/Users/tobiaskoengeter/Git/typography-test/tests/Rules/AbstractRuleTestClass.php" line="22" class="BitAndBlack\TypoRules\Tests\Rules\RemoveSpaceBeforeCommaRuleTest" classname="BitAndBlack.TypoRules.Tests.Rules.RemoveSpaceBeforeCommaRuleTest" assertions="1" time="0.000058"/>
        </testsuite>
      </testsuite>
      <testsuite name="BitAndBlack\TypoRules\Tests\Rules\RemoveUnnecessaryExclamationMarksRuleTest" file="/Users/tobiaskoengeter/Git/typography-test/tests/Rules/RemoveUnnecessaryExclamationMarksRuleTest.php" tests="1" assertions="3" errors="0" failures="0" skipped="0" time="0.000096">
        <testsuite name="BitAndBlack\TypoRules\Tests\Rules\RemoveUnnecessaryExclamationMarksRuleTest::testRule" tests="1" assertions="3" errors="0" failures="0" skipped="0" time="0.000096">
          <testcase name="testRule with data set #0" file="/Users/tobiaskoengeter/Git/typography-test/tests/Rules/AbstractRuleTestClass.php" line="22" class="BitAndBlack\TypoRules\Tests\Rules\RemoveUnnecessaryExclamationMarksRuleTest" classname="BitAndBlack.TypoRules.Tests.Rules.RemoveUnnecessaryExclamationMarksRuleTest" assertions="3" time="0.000096"/>
        </testsuite>
      </testsuite>
      <testsuite name="BitAndBlack\TypoRules\Tests\Rules\RemoveUnnecessaryQuestionMarksRuleTest" file="/Users/tobiaskoengeter/Git/typography-test/tests/Rules/RemoveUnnecessaryQuestionMarksRuleTest.php" tests="1" assertions="3" errors="0" failures="0" skipped="0" time="0.000089">
        <testsuite name="BitAndBlack\TypoRules\Tests\Rules\RemoveUnnecessaryQuestionMarksRuleTest::testRule" tests="1" assertions="3" errors="0" failures="0" skipped="0" time="0.000089">
          <testcase name="testRule with data set #0" file="/Users/tobiaskoengeter/Git/typography-test/tests/Rules/AbstractRuleTestClass.php" line="22" class="BitAndBlack\TypoRules\Tests\Rules\RemoveUnnecessaryQuestionMarksRuleTest" classname="BitAndBlack.TypoRules.Tests.Rules.RemoveUnnecessaryQuestionMarksRuleTest" assertions="3" time="0.000089"/>
        </testsuite>
      </testsuite>
    </testsuite>
  </testsuite>
</testsuites>
